<?xml version="1.0" encoding="utf-8"?><testsuites><testsuite errors="0" failures="1" hostname="test-guojianxiu" name="pytest" skipped="0" tests="2" time="57.066" timestamp="2020-01-09T14:41:46.975563"><testcase classname="testcase.test_demo.TestDemo" file="testcase\test_demo.py" line="11" name="test_login" time="12.472"></testcase><testcase classname="testcase.test_wood.TestWood" file="testcase\test_wood.py" line="8" name="test_wood" time="42.319"><failure message="poium.common.exceptions.PageElementError: Message: Can&apos;t set value, element not found">self = &lt;testcase.test_wood.TestWood object at 0x0000019C20503630&gt;
browser = &lt;selenium.webdriver.chrome.webdriver.WebDriver (session=&quot;5d59d68355c55822eef0a59816bb2ed8&quot;)&gt;

    def test_wood(self,browser):
&gt;       self.wood_page = Loginpage(browser).login(&apos;955112&apos;, &apos;a1234567&apos;).wood()

testcase\test_wood.py:10: 
_ _ _ _ _ _ _ _ _ _ _ _ _ _ _ _ _ _ _ _ _ _ _ _ _ _ _ _ _ _ _ _ _ _ _ _ _ _ _ _
page\login.py:16: in login
    self.loginname_loc = loginname
_ _ _ _ _ _ _ _ _ _ _ _ _ _ _ _ _ _ _ _ _ _ _ _ _ _ _ _ _ _ _ _ _ _ _ _ _ _ _ _

self = &lt;poium.page_objects.PageElement object at 0x0000019C2041FA58&gt;
instance = &lt;page.login.Loginpage object at 0x0000019C205A1B00&gt;, value = &apos;955112&apos;

    def __set__(self, instance, value):
        if self.has_context:
            raise PageElementError(&quot;Sorry, the set descriptor doesn&apos;t support elements with context.&quot;)
        elem = self.__get__(instance, instance.__class__)
        if not elem:
&gt;           raise PageElementError(&quot;Can&apos;t set value, element not found&quot;)
E           poium.common.exceptions.PageElementError: Message: Can&apos;t set value, element not found

D:\Python\lib\site-packages\poium\page_objects.py:157: PageElementError</failure></testcase></testsuite></testsuites>