<?xml version="1.0" encoding="utf-8"?><testsuites><testsuite errors="0" failures="1" hostname="test-fengzhongjie" name="pytest" skipped="0" tests="4" time="83.426" timestamp="2020-01-10T16:06:41.259936"><testcase classname="testcase.test_demo.TestDemo" file="testcase\test_demo.py" line="11" name="test_login" time="17.366"></testcase><testcase classname="testcase.test_task.TestTask" file="testcase\test_task.py" line="5" name="test_task" time="12.197"></testcase><testcase classname="testcase.test_wood.TestWood" file="testcase\test_wood.py" line="7" name="test_wood" time="15.739"></testcase><testcase classname="testcase.test_xiaole.TestXaiole" file="testcase\test_xiaole.py" line="11" name="test_xiaole" time="31.249"><failure message="AssertionError: assert &apos;123&apos; in &apos;三角函数综合的微课-1&apos;
 +  where &apos;三角函数综合的微课-1&apos; = &lt;bound method Xiaolepage.get_answer of &lt;page.xiaole.Xiaolepage object at 0x037C7C50&gt;&gt;()
 +    where &lt;bound method Xiaolepage.get_answer of &lt;page.xiaole.Xiaolepage object at 0x037C7C50&gt;&gt; = &lt;page.xiaole.Xiaolepage object at 0x037C7C50&gt;.get_answer
 +      where &lt;page.xiaole.Xiaolepage object at 0x037C7C50&gt; = &lt;testcase.test_xiaole.TestXaiole object at 0x03602910&gt;.xiaole_page">self = &lt;testcase.test_xiaole.TestXaiole object at 0x03602910&gt;
browser = &lt;selenium.webdriver.chrome.webdriver.WebDriver (session=&quot;75b370e4489727d6470483b30c71ed8d&quot;)&gt;

    def test_xiaole(self,browser):
        &apos;&apos;&apos;登录&apos;&apos;&apos;
        self.xiaole_page = Loginpage(browser).login(&apos;955112&apos;, &apos;a1234567&apos;).hi_xiaole()
        self.xiaole_page.question(&apos;三角函数&apos;)
&gt;       assert &apos;123&apos; in self.xiaole_page.get_answer()
E       AssertionError: assert &apos;123&apos; in &apos;三角函数综合的微课-1&apos;
E        +  where &apos;三角函数综合的微课-1&apos; = &lt;bound method Xiaolepage.get_answer of &lt;page.xiaole.Xiaolepage object at 0x037C7C50&gt;&gt;()
E        +    where &lt;bound method Xiaolepage.get_answer of &lt;page.xiaole.Xiaolepage object at 0x037C7C50&gt;&gt; = &lt;page.xiaole.Xiaolepage object at 0x037C7C50&gt;.get_answer
E        +      where &lt;page.xiaole.Xiaolepage object at 0x037C7C50&gt; = &lt;testcase.test_xiaole.TestXaiole object at 0x03602910&gt;.xiaole_page

testcase\test_xiaole.py:16: AssertionError</failure></testcase></testsuite></testsuites>